<?xml version="1.0" encoding="UTF-8"?>
<!-- Generated by org.testng.reporters.JUnitReportReporter -->
<testsuite hostname="DESKTOP-HRAQIB6" failures="0" tests="1" name="testScripts.RemoteDriverTest" time="23.789" errors="0" timestamp="2022-10-26T23:46:03 GMT-07:00" skipped="0">
  <testcase classname="testScripts.RemoteDriverTest" name="searchSeleniumTest" time="23.789"/>
  <system-out/>
</testsuite> <!-- testScripts.RemoteDriverTest -->
