<?xml version="1.0" encoding="UTF-8"?>
<!-- Generated by org.testng.reporters.JUnitReportReporter -->
<testsuite hostname="DESKTOP-HRAQIB6" failures="0" tests="4" name="testScripts.GooglePageTest" time="54.564" errors="0" timestamp="2022-10-19T23:38:36 GMT-07:00" skipped="0">
  <testcase classname="testScripts.GooglePageTest" name="searchJavaTest" time="15.849"/>
  <system-out/>
  <testcase classname="testScripts.GooglePageTest" name="seleniumTest" time="15.424"/>
  <system-out/>
  <testcase classname="testScripts.GooglePageTest" name="appiumTest" time="10.344"/>
  <system-out/>
  <testcase classname="testScripts.GooglePageTest" name="cucumberTest" time="12.947"/>
  <system-out/>
</testsuite> <!-- testScripts.GooglePageTest -->
