<?xml version="1.0" encoding="UTF-8"?>
<!-- Generated by org.testng.reporters.JUnitReportReporter -->
<testsuite hostname="DESKTOP-HRAQIB6" failures="0" tests="1" name="testScripts.SampleTwoTest" time="12.763" errors="0" timestamp="2022-10-19T22:19:02 GMT-07:00" skipped="0">
  <testcase classname="testScripts.SampleTwoTest" name="cypressTest" time="12.763"/>
  <system-out/>
</testsuite> <!-- testScripts.SampleTwoTest -->
