<?xml version="1.0" encoding="UTF-8"?>
<!-- Generated by org.testng.reporters.JUnitReportReporter -->
<testsuite hostname="DESKTOP-HRAQIB6" failures="0" tests="4" name="parallelScripts.SampleTwoTest" time="0.053" errors="0" timestamp="2022-10-20T22:17:47 GMT-07:00" skipped="0">
  <testcase classname="parallelScripts.SampleTwoTest" name="testTwo" time="0.003"/>
  <system-out/>
  <testcase classname="parallelScripts.SampleTwoTest" name="testThree" time="0.014"/>
  <system-out/>
  <testcase classname="parallelScripts.SampleTwoTest" name="testFour" time="0.028"/>
  <system-out/>
  <testcase classname="parallelScripts.SampleTwoTest" name="testOne" time="0.008"/>
  <system-out/>
</testsuite> <!-- parallelScripts.SampleTwoTest -->
