<?xml version="1.0" encoding="UTF-8"?>
<!-- Generated by org.testng.reporters.JUnitReportReporter -->
<testsuite hostname="DESKTOP-HRAQIB6" failures="0" tests="1" name="testScripts.LoginTest" time="0.014" errors="0" timestamp="2022-10-20T22:43:33 GMT-07:00" skipped="0">
  <testcase classname="testScripts.LoginTest" name="validLogin" time="0.014"/>
  <system-out/>
</testsuite> <!-- testScripts.LoginTest -->
