<?xml version="1.0" encoding="UTF-8"?>
<!-- Generated by org.testng.reporters.JUnitReportReporter -->
<testsuite hostname="DESKTOP-HRAQIB6" failures="0" tests="10" name="parallelScripts.MethodinvocationTest" time="0.235" errors="0" timestamp="2022-10-20T22:34:09 GMT-07:00" skipped="0">
  <testcase classname="parallelScripts.MethodinvocationTest" name="SampleTest" time="0.007"/>
  <system-out/>
  <testcase classname="parallelScripts.MethodinvocationTest" name="SampleTest" time="0.015"/>
  <system-out/>
  <testcase classname="parallelScripts.MethodinvocationTest" name="SampleTest" time="0.029"/>
  <system-out/>
  <testcase classname="parallelScripts.MethodinvocationTest" name="SampleTest" time="0.021"/>
  <system-out/>
  <testcase classname="parallelScripts.MethodinvocationTest" name="SampleTest" time="0.031"/>
  <system-out/>
  <testcase classname="parallelScripts.MethodinvocationTest" name="SampleTest" time="0.032"/>
  <system-out/>
  <testcase classname="parallelScripts.MethodinvocationTest" name="SampleTest" time="0.031"/>
  <system-out/>
  <testcase classname="parallelScripts.MethodinvocationTest" name="SampleTest" time="0.033"/>
  <system-out/>
  <testcase classname="parallelScripts.MethodinvocationTest" name="SampleTest" time="0.018"/>
  <system-out/>
  <testcase classname="parallelScripts.MethodinvocationTest" name="SampleTest" time="0.018"/>
  <system-out/>
</testsuite> <!-- parallelScripts.MethodinvocationTest -->
